<?xml version="1.0" encoding="UTF-8"?>
<!-- Generated by org.testng.reporters.JUnitXMLReporter -->
<testsuite ignored="0" hostname="DESKTOP-1KAEUVT" failures="0" tests="7" name="AddEmployeePage" time="28.859" errors="0" timestamp="2023-12-10T16:13:25 IST">
  <testcase classname="com.OHRM.LoginTest" name="LogInPaneltext" time="2.088"/>
  <testcase classname="com.OHRM.LoginTest" name="usernameandpassword" time="3.302"/>
  <testcase classname="com.OHRM.LoginTest" name="welComeAdmin" time="1.62"/>
  <testcase classname="com.OHRM.AddEmployeePage" name="PIMMouseHover" time="1.27"/>
  <testcase classname="com.OHRM.AddEmployeePage" name="AddEmployeeTextPageTest" time="1.656"/>
  <testcase classname="com.OHRM.AddEmployeePage" name="UserData" time="0.669"/>
  <testcase classname="com.OHRM.AddEmployeePage" name="photo" time="13.003"/>
</testsuite> <!-- AddEmployeePage -->
