<?xml version="1.0" encoding="UTF-8"?>
<!-- Generated by org.testng.reporters.JUnitXMLReporter -->
<testsuite ignored="0" hostname="DESKTOP-1KAEUVT" failures="0" tests="7" name="AddEmployeePagefunctionality" time="26.912" errors="0" timestamp="2023-12-12T20:58:01 IST">
  <testcase classname="com.OHRM.LoginTest" name="LogInPaneltext" time="1.763"/>
  <testcase classname="com.OHRM.LoginTest" name="usernameandpassword" time="3.103"/>
  <testcase classname="com.OHRM.LoginTest" name="welComeAdmin" time="0.408"/>
  <testcase classname="com.OHRM.AddEmployeePage" name="PIMMouseHover" time="0.353"/>
  <testcase classname="com.OHRM.AddEmployeePage" name="AddEmployeeTextPageTest" time="1.367"/>
  <testcase classname="com.OHRM.AddEmployeePage" name="UserData" time="1.048"/>
  <testcase classname="com.OHRM.AddEmployeePage" name="photo" time="10.801"/>
</testsuite> <!-- AddEmployeePagefunctionality -->
