<?xml version="1.0" encoding="UTF-8"?>
<!-- Generated by org.testng.reporters.JUnitXMLReporter -->
<testsuite ignored="0" hostname="DESKTOP-1KAEUVT" failures="0" tests="13" name="EmployeeListfunctionality" time="39.935" errors="0" timestamp="2023-12-12T20:58:14 IST">
  <testcase classname="com.OHRM.LoginTest" name="LogInPaneltext" time="1.423"/>
  <testcase classname="com.OHRM.LoginTest" name="usernameandpassword" time="2.6"/>
  <testcase classname="com.OHRM.LoginTest" name="welComeAdmin" time="0.823"/>
  <testcase classname="com.OHRM.AddEmployeePage" name="PIMMouseHover" time="0.596"/>
  <testcase classname="com.OHRM.AddEmployeePage" name="AddEmployeeTextPageTest" time="1.195"/>
  <testcase classname="com.OHRM.AddEmployeePage" name="UserData" time="0.94"/>
  <testcase classname="com.OHRM.AddEmployeePage" name="photo" time="11.795"/>
  <testcase classname="com.OHRM.personalDetails" name="PersonalDetailsTest" time="0.08"/>
  <testcase classname="com.OHRM.personalDetails" name="NameValidation" time="0.335"/>
  <testcase classname="com.OHRM.EmployeeList" name="ValidatingEmployeeListWebTable" time="1.063"/>
  <testcase classname="com.OHRM.EmployeeList" name="EmployeeListTable" time="7.189"/>
  <testcase classname="com.OHRM.EmployeeList" name="Logout" time="3.764"/>
  <testcase classname="com.OHRM.EmployeeList" name="LogInPage" time="0.077"/>
</testsuite> <!-- EmployeeListfunctionality -->
