<?xml version="1.0" encoding="UTF-8"?>
<!-- Generated by org.testng.reporters.JUnitXMLReporter -->
<testsuite ignored="0" hostname="DESKTOP-1KAEUVT" failures="0" tests="3" name="LoginTest" time="17.398" errors="0" timestamp="2023-12-10T16:13:14 IST">
  <testcase classname="com.OHRM.LoginTest" name="LogInPaneltext" time="1.168"/>
  <testcase classname="com.OHRM.LoginTest" name="usernameandpassword" time="4.075"/>
  <testcase classname="com.OHRM.LoginTest" name="welComeAdmin" time="1.718"/>
</testsuite> <!-- LoginTest -->
