<?xml version="1.0" encoding="UTF-8"?>
<!-- Generated by org.testng.reporters.JUnitXMLReporter -->
<testsuite ignored="0" hostname="DESKTOP-1KAEUVT" failures="0" tests="3" name="LoginTestfunctionality" time="19.922" errors="0" timestamp="2023-12-12T20:57:54 IST">
  <testcase classname="com.OHRM.LoginTest" name="LogInPaneltext" time="2.989"/>
  <testcase classname="com.OHRM.LoginTest" name="usernameandpassword" time="9.885"/>
  <testcase classname="com.OHRM.LoginTest" name="welComeAdmin" time="0.079"/>
</testsuite> <!-- LoginTestfunctionality -->
