<?xml version="1.0" encoding="UTF-8"?>
<!-- Generated by org.testng.reporters.JUnitXMLReporter -->
<testsuite ignored="0" hostname="DESKTOP-1KAEUVT" failures="0" tests="13" name="Default test" time="31.119" errors="0" timestamp="2023-12-10T15:19:27 IST">
  <testcase classname="com.OHRM.LoginTest" name="LogInPaneltext" time="0.742"/>
  <testcase classname="com.OHRM.LoginTest" name="usernameandpassword" time="1.97"/>
  <testcase classname="com.OHRM.LoginTest" name="welComeAdmin" time="0.141"/>
  <testcase classname="com.OHRM.AddEmployeePage" name="PIMMouseHover" time="0.193"/>
  <testcase classname="com.OHRM.AddEmployeePage" name="AddEmployeeTextPageTest" time="0.663"/>
  <testcase classname="com.OHRM.AddEmployeePage" name="UserData" time="0.37"/>
  <testcase classname="com.OHRM.AddEmployeePage" name="photo" time="11.685"/>
  <testcase classname="com.OHRM.personalDetails" name="PersonalDetailsTest" time="0.162"/>
  <testcase classname="com.OHRM.personalDetails" name="NameValidation" time="0.429"/>
  <testcase classname="com.OHRM.EmployeeList" name="ValidatingEmployeeListWebTable" time="0.667"/>
  <testcase classname="com.OHRM.EmployeeList" name="EmployeeListTable" time="8.375"/>
  <testcase classname="com.OHRM.EmployeeList" name="Logout" time="3.761"/>
  <testcase classname="com.OHRM.EmployeeList" name="LogInPage" time="0.124"/>
</testsuite> <!-- Default test -->
